<?xml version="1.0" encoding="UTF-8"?>
<testng-results skipped="0" failed="0" total="1" passed="1">
  <reporter-output>
  </reporter-output>
  <suite name="Surefire suite" duration-ms="308756" started-at="2017-04-25T11:38:09Z" finished-at="2017-04-25T11:43:17Z">
    <groups>
    </groups>
    <test name="Surefire test" duration-ms="308756" started-at="2017-04-25T11:38:09Z" finished-at="2017-04-25T11:43:17Z">
      <class name="IosSauceTest">
        <test-method status="PASS" signature="goToLoginScreen()[pri:0, instance:goToLoginScreen(IosSauceTest)]" name="goToLoginScreen" duration-ms="308684" started-at="2017-04-25T12:38:09Z" finished-at="2017-04-25T12:43:17Z">
          <reporter-output>
          </reporter-output>
        </test-method> <!-- goToLoginScreen -->
      </class> <!-- IosSauceTest -->
    </test> <!-- Surefire test -->
  </suite> <!-- Surefire suite -->
</testng-results>
